<?xml version="1.0" encoding="UTF-8"?>
<testsuite xmlns:xsi="http://www.w3.org/2001/XMLSchema-instance" xsi:noNamespaceSchemaLocation="https://maven.apache.org/surefire/maven-surefire-plugin/xsd/surefire-test-report.xsd" name="com.converter.converter.IntegrationTest" time="7.657" tests="2" errors="0" skipped="0" failures="0">
  <properties>
[...]
</properties>
  <testcase name="convert_test_bad_request" classname="com.converter.converter.IntegrationTest" time="1.299"/>
  <testcase name="convert_test" classname="com.converter.converter.IntegrationTest" time="0.305"/>
</testsuite>